
10월 04, 2023 11:57:18.05 NEW SESSION
10월 04, 2023 11:57:18.05 [4224:13212:1004/115717.975:ERROR:interface_endpoint_client.cc(702)] Message 0 rejected by interface blink.mojom.WidgetHost

10월 04, 2023 14:16:33.570 NEW SESSION
10월 04, 2023 14:16:33.570 INFO: Created TensorFlow Lite XNNPACK delegate for CPU.
10월 04, 2023 14:17:27.379 INFO: Created TensorFlow Lite XNNPACK delegate for CPU.
10월 04, 2023 14:20:17.645 INFO: Created TensorFlow Lite XNNPACK delegate for CPU.
10월 04, 2023 14:23:46.235 INFO: Created TensorFlow Lite XNNPACK delegate for CPU.
10월 04, 2023 14:39:26.65 INFO: Created TensorFlow Lite XNNPACK delegate for CPU.
10월 04, 2023 14:40:01.269 INFO: Created TensorFlow Lite XNNPACK delegate for CPU.
10월 04, 2023 14:40:58.665 INFO: Created TensorFlow Lite XNNPACK delegate for CPU.
10월 04, 2023 14:43:58.385 INFO: Created TensorFlow Lite XNNPACK delegate for CPU.
10월 04, 2023 14:44:06.69 [8232:11752:1004/144406.069:ERROR:get_updates_processor.cc(261)] PostClientToServerMessage() failed during GetUpdates with error 2
10월 04, 2023 14:45:10.611 INFO: Created TensorFlow Lite XNNPACK delegate for CPU.
10월 04, 2023 14:46:26.952 INFO: Created TensorFlow Lite XNNPACK delegate for CPU.

10월 05, 2023 10:31:55.787 NEW SESSION
10월 05, 2023 10:31:55.787 INFO: Created TensorFlow Lite XNNPACK delegate for CPU.
10월 05, 2023 10:44:18.74 INFO: Created TensorFlow Lite XNNPACK delegate for CPU.
10월 05, 2023 10:45:16.829 INFO: Created TensorFlow Lite XNNPACK delegate for CPU.
10월 05, 2023 10:45:44.130 INFO: Created TensorFlow Lite XNNPACK delegate for CPU.

10월 05, 2023 12:15:45.04 NEW SESSION
10월 05, 2023 12:15:45.04 INFO: Created TensorFlow Lite XNNPACK delegate for CPU.
10월 05, 2023 12:16:34.133 INFO: Created TensorFlow Lite XNNPACK delegate for CPU.
10월 05, 2023 12:33:57.886 INFO: Created TensorFlow Lite XNNPACK delegate for CPU.
10월 05, 2023 12:35:59.906 INFO: Created TensorFlow Lite XNNPACK delegate for CPU.
10월 05, 2023 12:45:12.315 INFO: Created TensorFlow Lite XNNPACK delegate for CPU.
10월 05, 2023 15:12:47.12 INFO: Created TensorFlow Lite XNNPACK delegate for CPU.
10월 05, 2023 15:17:18.366 INFO: Created TensorFlow Lite XNNPACK delegate for CPU.
10월 05, 2023 15:21:02.203 [8840:12432:1005/152102.203:ERROR:interface_endpoint_client.cc(702)] Message 1 rejected by interface blink.mojom.WidgetHost
10월 05, 2023 16:22:40.348 INFO: Created TensorFlow Lite XNNPACK delegate for CPU.

10월 06, 2023 09:17:40.368 NEW SESSION
10월 06, 2023 09:17:40.368 INFO: Created TensorFlow Lite XNNPACK delegate for CPU.
10월 06, 2023 09:20:12.695 INFO: Created TensorFlow Lite XNNPACK delegate for CPU.
10월 06, 2023 10:14:55.269 INFO: Created TensorFlow Lite XNNPACK delegate for CPU.
10월 06, 2023 10:16:07.735 INFO: Created TensorFlow Lite XNNPACK delegate for CPU.
10월 06, 2023 14:15:01.951 INFO: Created TensorFlow Lite XNNPACK delegate for CPU.
10월 06, 2023 14:21:47.405 INFO: Created TensorFlow Lite XNNPACK delegate for CPU.
10월 06, 2023 14:24:27.952 INFO: Created TensorFlow Lite XNNPACK delegate for CPU.
10월 06, 2023 14:25:05.850 INFO: Created TensorFlow Lite XNNPACK delegate for CPU.
10월 06, 2023 14:27:21.416 INFO: Created TensorFlow Lite XNNPACK delegate for CPU.
10월 06, 2023 14:48:22.601 INFO: Created TensorFlow Lite XNNPACK delegate for CPU.
10월 06, 2023 14:51:15.373 INFO: Created TensorFlow Lite XNNPACK delegate for CPU.
10월 06, 2023 14:51:54.489 INFO: Created TensorFlow Lite XNNPACK delegate for CPU.
10월 06, 2023 14:53:47.344 INFO: Created TensorFlow Lite XNNPACK delegate for CPU.
10월 06, 2023 14:54:15.903 INFO: Created TensorFlow Lite XNNPACK delegate for CPU.
10월 06, 2023 14:55:37.740 INFO: Created TensorFlow Lite XNNPACK delegate for CPU.
10월 06, 2023 14:57:29.416 INFO: Created TensorFlow Lite XNNPACK delegate for CPU.
10월 06, 2023 15:11:21.429 INFO: Created TensorFlow Lite XNNPACK delegate for CPU.
10월 06, 2023 15:13:26.938 INFO: Created TensorFlow Lite XNNPACK delegate for CPU.
10월 06, 2023 15:14:37.320 INFO: Created TensorFlow Lite XNNPACK delegate for CPU.
10월 06, 2023 15:16:45.504 INFO: Created TensorFlow Lite XNNPACK delegate for CPU.
10월 06, 2023 15:18:50.30 INFO: Created TensorFlow Lite XNNPACK delegate for CPU.
10월 06, 2023 15:22:19.622 INFO: Created TensorFlow Lite XNNPACK delegate for CPU.
10월 06, 2023 15:22:38.639 INFO: Created TensorFlow Lite XNNPACK delegate for CPU.
10월 06, 2023 15:23:50.560 INFO: Created TensorFlow Lite XNNPACK delegate for CPU.
10월 06, 2023 15:27:12.719 INFO: Created TensorFlow Lite XNNPACK delegate for CPU.
10월 06, 2023 15:30:04.369 INFO: Created TensorFlow Lite XNNPACK delegate for CPU.
10월 06, 2023 15:30:26.461 INFO: Created TensorFlow Lite XNNPACK delegate for CPU.
10월 06, 2023 15:31:07.153 INFO: Created TensorFlow Lite XNNPACK delegate for CPU.
10월 06, 2023 15:37:00.409 INFO: Created TensorFlow Lite XNNPACK delegate for CPU.
10월 06, 2023 15:42:47.831 INFO: Created TensorFlow Lite XNNPACK delegate for CPU.
10월 06, 2023 15:55:14.995 INFO: Created TensorFlow Lite XNNPACK delegate for CPU.
10월 06, 2023 16:07:05.353 INFO: Created TensorFlow Lite XNNPACK delegate for CPU.
10월 06, 2023 16:13:59.479 INFO: Created TensorFlow Lite XNNPACK delegate for CPU.
10월 06, 2023 16:14:50.123 INFO: Created TensorFlow Lite XNNPACK delegate for CPU.
10월 06, 2023 16:16:21.15 INFO: Created TensorFlow Lite XNNPACK delegate for CPU.
10월 06, 2023 16:16:28.996 [6556:12092:1006/161628.995:ERROR:get_updates_processor.cc(261)] PostClientToServerMessage() failed during GetUpdates with error 2
10월 06, 2023 16:19:25.250 INFO: Created TensorFlow Lite XNNPACK delegate for CPU.
10월 06, 2023 16:24:09.956 INFO: Created TensorFlow Lite XNNPACK delegate for CPU.
10월 06, 2023 16:25:34.716 INFO: Created TensorFlow Lite XNNPACK delegate for CPU.
10월 06, 2023 16:26:04.486 INFO: Created TensorFlow Lite XNNPACK delegate for CPU.
10월 06, 2023 16:40:19.516 INFO: Created TensorFlow Lite XNNPACK delegate for CPU.

10월 10, 2023 11:29:23.28 NEW SESSION
10월 10, 2023 11:29:23.28 INFO: Created TensorFlow Lite XNNPACK delegate for CPU.
10월 10, 2023 11:37:31.330 INFO: Created TensorFlow Lite XNNPACK delegate for CPU.
10월 10, 2023 11:38:25.620 INFO: Created TensorFlow Lite XNNPACK delegate for CPU.
10월 10, 2023 11:42:12.957 INFO: Created TensorFlow Lite XNNPACK delegate for CPU.
10월 10, 2023 11:44:27.538 INFO: Created TensorFlow Lite XNNPACK delegate for CPU.
10월 10, 2023 11:48:47.117 INFO: Created TensorFlow Lite XNNPACK delegate for CPU.
10월 10, 2023 11:51:16.967 INFO: Created TensorFlow Lite XNNPACK delegate for CPU.
10월 10, 2023 11:52:10.84 INFO: Created TensorFlow Lite XNNPACK delegate for CPU.
10월 10, 2023 11:54:49.679 INFO: Created TensorFlow Lite XNNPACK delegate for CPU.
10월 10, 2023 11:58:59.167 INFO: Created TensorFlow Lite XNNPACK delegate for CPU.
10월 10, 2023 12:10:16.667 [10624:8300:1010/121016.667:ERROR:page_load_metrics_update_dispatcher.cc(178)] Invalid first_paint 0.429 s for first_image_paint 0.399 s
10월 10, 2023 12:10:16.770 [10624:8300:1010/121016.770:ERROR:page_load_metrics_update_dispatcher.cc(178)] Invalid first_paint 0.429 s for first_image_paint 0.399 s
10월 10, 2023 12:10:16.879 [10624:8300:1010/121016.879:ERROR:page_load_metrics_update_dispatcher.cc(178)] Invalid first_paint 0.429 s for first_image_paint 0.399 s
10월 10, 2023 12:10:17.07 [10624:8300:1010/121017.007:ERROR:page_load_metrics_update_dispatcher.cc(178)] Invalid first_paint 0.429 s for first_image_paint 0.399 s
10월 10, 2023 12:10:17.317 [10624:8300:1010/121017.316:ERROR:page_load_metrics_update_dispatcher.cc(178)] Invalid first_paint 0.429 s for first_image_paint 0.399 s
10월 10, 2023 12:10:17.517 [10624:8300:1010/121017.516:ERROR:page_load_metrics_update_dispatcher.cc(178)] Invalid first_paint 0.429 s for first_image_paint 0.399 s
10월 10, 2023 12:10:17.621 [10624:8300:1010/121017.621:ERROR:page_load_metrics_update_dispatcher.cc(178)] Invalid first_paint 0.429 s for first_image_paint 0.399 s
10월 10, 2023 12:10:17.734 [10624:8300:1010/121017.734:ERROR:page_load_metrics_update_dispatcher.cc(178)] Invalid first_paint 0.429 s for first_image_paint 0.399 s
10월 10, 2023 12:10:17.844 [10624:8300:1010/121017.844:ERROR:page_load_metrics_update_dispatcher.cc(178)] Invalid first_paint 0.429 s for first_image_paint 0.399 s
10월 10, 2023 12:10:17.952 [10624:8300:1010/121017.952:ERROR:page_load_metrics_update_dispatcher.cc(178)] Invalid first_paint 0.429 s for first_image_paint 0.399 s
10월 10, 2023 12:10:18.344 [10624:8300:1010/121018.344:ERROR:page_load_metrics_update_dispatcher.cc(178)] Invalid first_paint 0.429 s for first_image_paint 0.399 s
10월 10, 2023 12:10:18.461 [10624:8300:1010/121018.461:ERROR:page_load_metrics_update_dispatcher.cc(178)] Invalid first_paint 0.429 s for first_image_paint 0.399 s
10월 10, 2023 12:10:19.15 [10624:8300:1010/121019.015:ERROR:page_load_metrics_update_dispatcher.cc(178)] Invalid first_paint 0.429 s for first_image_paint 0.399 s
10월 10, 2023 12:10:19.129 [10624:8300:1010/121019.128:ERROR:page_load_metrics_update_dispatcher.cc(178)] Invalid first_paint 0.429 s for first_image_paint 0.399 s
10월 10, 2023 12:10:19.249 [10624:8300:1010/121019.248:ERROR:page_load_metrics_update_dispatcher.cc(178)] Invalid first_paint 0.429 s for first_image_paint 0.399 s
10월 10, 2023 12:10:21.363 [10624:8300:1010/121021.362:ERROR:page_load_metrics_update_dispatcher.cc(178)] Invalid first_paint 0.429 s for first_image_paint 0.399 s
10월 10, 2023 12:10:21.466 [10624:8300:1010/121021.465:ERROR:page_load_metrics_update_dispatcher.cc(178)] Invalid first_paint 0.429 s for first_image_paint 0.399 s
10월 10, 2023 12:10:21.826 [10624:8300:1010/121021.824:ERROR:page_load_metrics_update_dispatcher.cc(178)] Invalid first_paint 0.429 s for first_image_paint 0.399 s
10월 10, 2023 12:10:21.934 [10624:8300:1010/121021.933:ERROR:page_load_metrics_update_dispatcher.cc(178)] Invalid first_paint 0.429 s for first_image_paint 0.399 s
10월 10, 2023 12:10:24.369 [10624:8300:1010/121024.369:ERROR:page_load_metrics_update_dispatcher.cc(178)] Invalid first_paint 0.429 s for first_image_paint 0.399 s
10월 10, 2023 12:10:24.484 [10624:8300:1010/121024.483:ERROR:page_load_metrics_update_dispatcher.cc(178)] Invalid first_paint 0.429 s for first_image_paint 0.399 s
10월 10, 2023 12:10:25.203 [10624:8300:1010/121025.202:ERROR:page_load_metrics_update_dispatcher.cc(178)] Invalid first_paint 0.429 s for first_image_paint 0.399 s
10월 10, 2023 12:10:25.979 [10624:8300:1010/121025.979:ERROR:page_load_metrics_update_dispatcher.cc(178)] Invalid first_paint 0.429 s for first_image_paint 0.399 s
10월 10, 2023 14:20:16.956 INFO: Created TensorFlow Lite XNNPACK delegate for CPU.
10월 10, 2023 15:33:45.919 INFO: Created TensorFlow Lite XNNPACK delegate for CPU.
10월 10, 2023 16:01:33.450 INFO: Created TensorFlow Lite XNNPACK delegate for CPU.
10월 10, 2023 16:02:19.935 INFO: Created TensorFlow Lite XNNPACK delegate for CPU.
10월 10, 2023 16:47:51.38 INFO: Created TensorFlow Lite XNNPACK delegate for CPU.
10월 10, 2023 16:52:41.364 INFO: Created TensorFlow Lite XNNPACK delegate for CPU.
10월 10, 2023 16:58:43.904 INFO: Created TensorFlow Lite XNNPACK delegate for CPU.
10월 10, 2023 17:42:52.347 INFO: Created TensorFlow Lite XNNPACK delegate for CPU.
10월 10, 2023 17:45:20.767 INFO: Created TensorFlow Lite XNNPACK delegate for CPU.
10월 10, 2023 17:45:45.483 INFO: Created TensorFlow Lite XNNPACK delegate for CPU.
10월 10, 2023 17:46:31.857 INFO: Created TensorFlow Lite XNNPACK delegate for CPU.
10월 10, 2023 17:48:37.593 INFO: Created TensorFlow Lite XNNPACK delegate for CPU.
10월 10, 2023 17:50:08.879 INFO: Created TensorFlow Lite XNNPACK delegate for CPU.
10월 10, 2023 17:51:09.333 INFO: Created TensorFlow Lite XNNPACK delegate for CPU.
10월 10, 2023 17:52:26.798 INFO: Created TensorFlow Lite XNNPACK delegate for CPU.

10월 11, 2023 09:16:00.69 NEW SESSION
10월 11, 2023 09:16:00.69 INFO: Created TensorFlow Lite XNNPACK delegate for CPU.
10월 11, 2023 09:30:39.469 INFO: Created TensorFlow Lite XNNPACK delegate for CPU.
10월 11, 2023 09:38:52.671 INFO: Created TensorFlow Lite XNNPACK delegate for CPU.
10월 11, 2023 10:02:05.816 INFO: Created TensorFlow Lite XNNPACK delegate for CPU.
10월 11, 2023 10:26:54.814 INFO: Created TensorFlow Lite XNNPACK delegate for CPU.
10월 11, 2023 11:31:58.566 INFO: Created TensorFlow Lite XNNPACK delegate for CPU.
10월 11, 2023 11:34:11.716 INFO: Created TensorFlow Lite XNNPACK delegate for CPU.
10월 11, 2023 11:56:25.156 INFO: Created TensorFlow Lite XNNPACK delegate for CPU.
10월 11, 2023 12:16:02.224 INFO: Created TensorFlow Lite XNNPACK delegate for CPU.
10월 11, 2023 12:28:14.630 [1011/122814.630:ERROR:filesystem_win.cc(130)] GetFileAttributes C:\Users\hbi1\AppData\Local\Google\Chrome\User Data\Crashpad\attachments\84f40911-7f6f-4a23-83a0-0beededbe754: 지정된 파일을 찾을 수 없습니다. (0x2)
10월 11, 2023 12:28:14.631 [1011/122814.631:ERROR:filesystem_win.cc(130)] GetFileAttributes C:\Users\hbi1\AppData\Local\Google\Chrome\User Data\Crashpad\attachments\84f40911-7f6f-4a23-83a0-0beededbe754: 지정된 파일을 찾을 수 없습니다. (0x2)
10월 11, 2023 12:28:35.204 INFO: Created TensorFlow Lite XNNPACK delegate for CPU.
10월 11, 2023 14:15:48.14 INFO: Created TensorFlow Lite XNNPACK delegate for CPU.
10월 11, 2023 14:17:20.839 INFO: Created TensorFlow Lite XNNPACK delegate for CPU.
10월 11, 2023 14:19:54.674 INFO: Created TensorFlow Lite XNNPACK delegate for CPU.
10월 11, 2023 14:21:28.95 INFO: Created TensorFlow Lite XNNPACK delegate for CPU.
10월 11, 2023 14:36:17.794 [10280:2888:1011/143617.793:ERROR:interface_endpoint_client.cc(702)] Message 1 rejected by interface blink.mojom.WidgetHost
10월 11, 2023 14:36:17.794 [10280:2888:1011/143617.793:ERROR:interface_endpoint_client.cc(702)] Message 1 rejected by interface blink.mojom.WidgetHost
10월 11, 2023 16:08:13.02 INFO: Created TensorFlow Lite XNNPACK delegate for CPU.
10월 11, 2023 16:38:43.616 INFO: Created TensorFlow Lite XNNPACK delegate for CPU.

10월 12, 2023 19:33:11.23 NEW SESSION
10월 12, 2023 19:33:11.23 INFO: Created TensorFlow Lite XNNPACK delegate for CPU.
10월 12, 2023 19:49:33.92 [2864:13920:1012/194933.092:ERROR:interface_endpoint_client.cc(702)] Message 1 rejected by interface blink.mojom.WidgetHost
10월 12, 2023 19:49:38.30 [2864:13920:1012/194938.030:ERROR:interface_endpoint_client.cc(702)] Message 1 rejected by interface blink.mojom.WidgetHost

10월 13, 2023 09:08:26.553 NEW SESSION
10월 13, 2023 09:08:26.553 INFO: Created TensorFlow Lite XNNPACK delegate for CPU.
10월 13, 2023 09:08:34.18 INFO: Created TensorFlow Lite XNNPACK delegate for CPU.
10월 13, 2023 09:11:13.502 INFO: Created TensorFlow Lite XNNPACK delegate for CPU.
10월 13, 2023 09:14:32.169 INFO: Created TensorFlow Lite XNNPACK delegate for CPU.
10월 13, 2023 09:36:27.554 INFO: Created TensorFlow Lite XNNPACK delegate for CPU.
10월 13, 2023 10:46:47.154 INFO: Created TensorFlow Lite XNNPACK delegate for CPU.
10월 13, 2023 14:53:21.750 INFO: Created TensorFlow Lite XNNPACK delegate for CPU.
10월 13, 2023 14:54:49.540 INFO: Created TensorFlow Lite XNNPACK delegate for CPU.
10월 13, 2023 17:04:19.978 INFO: Created TensorFlow Lite XNNPACK delegate for CPU.
10월 13, 2023 17:21:33.652 INFO: Created TensorFlow Lite XNNPACK delegate for CPU.
10월 13, 2023 17:21:55.348 INFO: Created TensorFlow Lite XNNPACK delegate for CPU.

10월 16, 2023 10:33:22.57 NEW SESSION
10월 16, 2023 10:33:22.57 INFO: Created TensorFlow Lite XNNPACK delegate for CPU.
10월 16, 2023 10:37:30.728 INFO: Created TensorFlow Lite XNNPACK delegate for CPU.
10월 16, 2023 11:21:16.14 INFO: Created TensorFlow Lite XNNPACK delegate for CPU.
10월 16, 2023 14:39:35.20 INFO: Created TensorFlow Lite XNNPACK delegate for CPU.
10월 16, 2023 14:42:41.265 INFO: Created TensorFlow Lite XNNPACK delegate for CPU.
10월 16, 2023 14:49:46.944 [11568:10720:1016/144946.944:ERROR:interface_endpoint_client.cc(702)] Message 1 rejected by interface blink.mojom.WidgetHost
10월 16, 2023 14:52:00.665 [11568:10720:1016/145200.664:ERROR:interface_endpoint_client.cc(702)] Message 0 rejected by interface blink.mojom.WidgetHost
10월 16, 2023 16:32:52.170 INFO: Created TensorFlow Lite XNNPACK delegate for CPU.
10월 16, 2023 16:40:26.990 INFO: Created TensorFlow Lite XNNPACK delegate for CPU.
10월 16, 2023 17:01:27.175 INFO: Created TensorFlow Lite XNNPACK delegate for CPU.
10월 16, 2023 17:02:40.535 [11220:7132:1016/170240.535:ERROR:interface_endpoint_client.cc(702)] Message 1 rejected by interface blink.mojom.WidgetHost

11월 01, 2023 11:19:15.605 NEW SESSION
11월 01, 2023 11:19:15.605 [1880:4504:1101/111915.604:ERROR:interface_endpoint_client.cc(702)] Message 1 rejected by interface blink.mojom.WidgetHost
11월 01, 2023 12:25:23.25 [1880:4504:1101/122523.024:ERROR:interface_endpoint_client.cc(702)] Message 1 rejected by interface blink.mojom.WidgetHost
11월 01, 2023 12:25:23.25 [1880:4504:1101/122523.024:ERROR:interface_endpoint_client.cc(702)] Message 1 rejected by interface blink.mojom.WidgetHost
11월 01, 2023 14:26:06.629 [1880:4504:1101/142606.629:ERROR:interface_endpoint_client.cc(702)] Message 1 rejected by interface blink.mojom.WidgetHost
11월 01, 2023 16:07:20.955 [1880:4504:1101/160720.954:ERROR:interface_endpoint_client.cc(702)] Message 1 rejected by interface blink.mojom.WidgetHost
11월 01, 2023 17:49:38.841 [1880:4504:1101/174938.841:ERROR:interface_endpoint_client.cc(702)] Message 1 rejected by interface blink.mojom.WidgetHost
11월 01, 2023 18:02:39.212 [1880:4504:1101/180239.212:ERROR:interface_endpoint_client.cc(702)] Message 1 rejected by interface blink.mojom.WidgetHost
11월 01, 2023 19:54:37.33 [1880:4504:1101/195437.032:ERROR:interface_endpoint_client.cc(702)] Message 1 rejected by interface blink.mojom.WidgetHost

11월 02, 2023 17:42:41.47 NEW SESSION
11월 02, 2023 17:42:41.47 [12932:4508:1102/174241.031:ERROR:interface_endpoint_client.cc(702)] Message 1 rejected by interface blink.mojom.WidgetHost
11월 02, 2023 17:42:41.196 [12932:4508:1102/174241.196:ERROR:page_load_metrics_update_dispatcher.cc(179)] Invalid first_paint 0.17 s for first_image_paint 0.154 s
11월 02, 2023 17:42:41.315 [12932:4508:1102/174241.314:ERROR:page_load_metrics_update_dispatcher.cc(179)] Invalid first_paint 0.17 s for first_image_paint 0.154 s
11월 02, 2023 17:42:41.726 [12932:4508:1102/174241.579:ERROR:page_load_metrics_update_dispatcher.cc(179)] Invalid first_paint 0.17 s for first_image_paint 0.154 s
11월 02, 2023 17:42:41.879 [12932:4508:1102/174241.878:ERROR:page_load_metrics_update_dispatcher.cc(179)] Invalid first_paint 0.17 s for first_image_paint 0.154 s
11월 02, 2023 17:42:41.994 [12932:4508:1102/174241.994:ERROR:page_load_metrics_update_dispatcher.cc(179)] Invalid first_paint 0.17 s for first_image_paint 0.154 s
11월 02, 2023 17:42:42.113 [12932:4508:1102/174242.113:ERROR:page_load_metrics_update_dispatcher.cc(179)] Invalid first_paint 0.17 s for first_image_paint 0.154 s
11월 02, 2023 17:42:42.297 [12932:4508:1102/174242.296:ERROR:page_load_metrics_update_dispatcher.cc(179)] Invalid first_paint 0.17 s for first_image_paint 0.154 s

11월 08, 2023 12:05:54.974 NEW SESSION
11월 08, 2023 12:05:54.974 [11868:13904:1108/120554.934:ERROR:get_updates_processor.cc(263)] PostClientToServerMessage() failed during GetUpdates with error Network error (ERR_ABORTED)
11월 08, 2023 12:13:05.985 [1880:12524:1108/121305.985:ERROR:get_updates_processor.cc(263)] PostClientToServerMessage() failed during GetUpdates with error Network error (ERR_ABORTED)
11월 08, 2023 12:34:06.979 [7924:7440:1108/123406.979:ERROR:get_updates_processor.cc(263)] PostClientToServerMessage() failed during GetUpdates with error Network error (ERR_ABORTED)

11월 09, 2023 09:59:27.836 NEW SESSION
11월 09, 2023 09:59:27.836 [9796:10684:1109/095927.834:ERROR:interface_endpoint_client.cc(702)] Message 1 rejected by interface blink.mojom.WidgetHost
11월 09, 2023 11:14:44.916 [3104:9712:1109/111444.915:ERROR:interface_endpoint_client.cc(702)] Message 1 rejected by interface blink.mojom.WidgetHost

11월 09, 2023 15:48:33.496 NEW SESSION
11월 09, 2023 15:48:33.496 [9748:1228:1109/154833.494:ERROR:interface_endpoint_client.cc(702)] Message 1 rejected by interface blink.mojom.WidgetHost
11월 09, 2023 15:48:33.659 [9748:1228:1109/154833.659:ERROR:page_load_metrics_update_dispatcher.cc(179)] Invalid first_paint 0.119 s for first_image_paint 0.104 s
11월 09, 2023 15:48:33.813 [9748:1228:1109/154833.813:ERROR:page_load_metrics_update_dispatcher.cc(179)] Invalid first_paint 0.119 s for first_image_paint 0.104 s
11월 09, 2023 15:48:33.920 [9748:1228:1109/154833.919:ERROR:page_load_metrics_update_dispatcher.cc(179)] Invalid first_paint 0.119 s for first_image_paint 0.104 s
11월 09, 2023 15:48:34.82 [9748:1228:1109/154834.082:ERROR:page_load_metrics_update_dispatcher.cc(179)] Invalid first_paint 0.119 s for first_image_paint 0.104 s
11월 09, 2023 15:48:34.272 [9748:1228:1109/154834.272:ERROR:page_load_metrics_update_dispatcher.cc(179)] Invalid first_paint 0.119 s for first_image_paint 0.104 s
11월 09, 2023 15:48:34.424 [9748:1228:1109/154834.424:ERROR:page_load_metrics_update_dispatcher.cc(179)] Invalid first_paint 0.119 s for first_image_paint 0.104 s
11월 09, 2023 15:48:34.559 [9748:1228:1109/154834.559:ERROR:page_load_metrics_update_dispatcher.cc(179)] Invalid first_paint 0.119 s for first_image_paint 0.104 s
11월 09, 2023 15:48:34.827 [9748:1228:1109/154834.827:ERROR:page_load_metrics_update_dispatcher.cc(179)] Invalid first_paint 0.119 s for first_image_paint 0.104 s
11월 09, 2023 15:48:35.342 [9748:1228:1109/154835.341:ERROR:page_load_metrics_update_dispatcher.cc(179)] Invalid first_paint 0.119 s for first_image_paint 0.104 s
11월 09, 2023 15:48:35.526 [9748:1228:1109/154835.525:ERROR:page_load_metrics_update_dispatcher.cc(179)] Invalid first_paint 0.119 s for first_image_paint 0.104 s
11월 09, 2023 15:48:35.676 [9748:1228:1109/154835.676:ERROR:page_load_metrics_update_dispatcher.cc(179)] Invalid first_paint 0.119 s for first_image_paint 0.104 s
11월 09, 2023 15:48:35.842 [9748:1228:1109/154835.842:ERROR:page_load_metrics_update_dispatcher.cc(179)] Invalid first_paint 0.119 s for first_image_paint 0.104 s
11월 09, 2023 15:48:36.224 [9748:1228:1109/154836.224:ERROR:page_load_metrics_update_dispatcher.cc(179)] Invalid first_paint 0.119 s for first_image_paint 0.104 s
11월 09, 2023 15:48:36.467 [9748:1228:1109/154836.467:ERROR:page_load_metrics_update_dispatcher.cc(179)] Invalid first_paint 0.119 s for first_image_paint 0.104 s
11월 09, 2023 15:48:36.517 [9748:1228:1109/154836.517:ERROR:page_load_metrics_update_dispatcher.cc(179)] Invalid first_paint 0.119 s for first_image_paint 0.104 s
11월 09, 2023 16:24:53.92 [9748:1228:1109/162453.091:ERROR:interface_endpoint_client.cc(702)] Message 1 rejected by interface blink.mojom.WidgetHost
11월 09, 2023 17:47:36.317 [9748:1228:1109/174736.316:ERROR:interface_endpoint_client.cc(702)] Message 1 rejected by interface blink.mojom.WidgetHost
11월 09, 2023 18:58:13.391 [9748:1228:1109/185813.390:ERROR:page_load_metrics_update_dispatcher.cc(179)] Invalid first_paint 0.112 s for first_image_paint 0.096 s
11월 09, 2023 18:58:13.590 [9748:1228:1109/185813.590:ERROR:page_load_metrics_update_dispatcher.cc(179)] Invalid first_paint 0.112 s for first_image_paint 0.096 s
11월 09, 2023 18:58:13.712 [9748:1228:1109/185813.711:ERROR:page_load_metrics_update_dispatcher.cc(179)] Invalid first_paint 0.112 s for first_image_paint 0.096 s
11월 09, 2023 18:58:13.756 [9748:1228:1109/185813.756:ERROR:page_load_metrics_update_dispatcher.cc(67)] Received null navigation_start.
11월 09, 2023 18:58:13.847 [9748:1228:1109/185813.847:ERROR:page_load_metrics_update_dispatcher.cc(179)] Invalid first_paint 0.112 s for first_image_paint 0.096 s
11월 09, 2023 18:58:14.172 [9748:1228:1109/185814.171:ERROR:page_load_metrics_update_dispatcher.cc(179)] Invalid first_paint 0.112 s for first_image_paint 0.096 s
11월 09, 2023 18:58:14.297 [9748:1228:1109/185814.297:ERROR:page_load_metrics_update_dispatcher.cc(179)] Invalid first_paint 0.112 s for first_image_paint 0.096 s
11월 09, 2023 18:58:14.689 [9748:1228:1109/185814.688:ERROR:page_load_metrics_update_dispatcher.cc(179)] Invalid first_paint 0.112 s for first_image_paint 0.096 s
11월 09, 2023 18:58:14.879 [9748:1228:1109/185814.879:ERROR:page_load_metrics_update_dispatcher.cc(179)] Invalid first_paint 0.112 s for first_image_paint 0.096 s
11월 09, 2023 18:58:15.24 [9748:1228:1109/185815.024:ERROR:page_load_metrics_update_dispatcher.cc(179)] Invalid first_paint 0.112 s for first_image_paint 0.096 s
11월 09, 2023 18:58:15.153 [9748:1228:1109/185815.153:ERROR:page_load_metrics_update_dispatcher.cc(179)] Invalid first_paint 0.112 s for first_image_paint 0.096 s
11월 09, 2023 18:58:15.269 [9748:1228:1109/185815.269:ERROR:page_load_metrics_update_dispatcher.cc(179)] Invalid first_paint 0.112 s for first_image_paint 0.096 s
11월 09, 2023 18:58:15.413 [9748:1228:1109/185815.413:ERROR:page_load_metrics_update_dispatcher.cc(179)] Invalid first_paint 0.112 s for first_image_paint 0.096 s
11월 09, 2023 18:58:15.545 [9748:1228:1109/185815.544:ERROR:page_load_metrics_update_dispatcher.cc(179)] Invalid first_paint 0.112 s for first_image_paint 0.096 s
11월 09, 2023 18:58:15.814 [9748:1228:1109/185815.814:ERROR:page_load_metrics_update_dispatcher.cc(179)] Invalid first_paint 0.112 s for first_image_paint 0.096 s
11월 09, 2023 18:58:15.938 [9748:1228:1109/185815.938:ERROR:page_load_metrics_update_dispatcher.cc(179)] Invalid first_paint 0.112 s for first_image_paint 0.096 s
11월 09, 2023 18:58:16.73 [9748:1228:1109/185816.073:ERROR:page_load_metrics_update_dispatcher.cc(179)] Invalid first_paint 0.112 s for first_image_paint 0.096 s
11월 09, 2023 18:58:16.257 [9748:1228:1109/185816.256:ERROR:page_load_metrics_update_dispatcher.cc(179)] Invalid first_paint 0.112 s for first_image_paint 0.096 s
11월 09, 2023 18:58:16.624 [9748:1228:1109/185816.623:ERROR:page_load_metrics_update_dispatcher.cc(179)] Invalid first_paint 0.112 s for first_image_paint 0.096 s
11월 09, 2023 18:58:16.721 [9748:1228:1109/185816.721:ERROR:page_load_metrics_update_dispatcher.cc(179)] Invalid first_paint 0.112 s for first_image_paint 0.096 s
11월 09, 2023 18:58:16.766 [9748:1228:1109/185816.766:ERROR:page_load_metrics_update_dispatcher.cc(179)] Invalid first_paint 0.112 s for first_image_paint 0.096 s
11월 09, 2023 19:02:25.689 [9748:1228:1109/190225.689:ERROR:interface_endpoint_client.cc(702)] Message 1 rejected by interface blink.mojom.WidgetHost
11월 09, 2023 19:07:12.922 [9748:1228:1109/190712.922:ERROR:interface_endpoint_client.cc(702)] Message 1 rejected by interface blink.mojom.WidgetHost
11월 09, 2023 19:12:29.809 [9748:1228:1109/191229.809:ERROR:interface_endpoint_client.cc(702)] Message 1 rejected by interface blink.mojom.WidgetHost
11월 09, 2023 19:12:29.954 [9748:1228:1109/191229.954:ERROR:page_load_metrics_update_dispatcher.cc(179)] Invalid first_paint 0.106 s for first_image_paint 0.095 s
11월 09, 2023 19:12:30.121 [9748:1228:1109/191230.120:ERROR:page_load_metrics_update_dispatcher.cc(179)] Invalid first_paint 0.106 s for first_image_paint 0.095 s
11월 09, 2023 19:12:30.236 [9748:1228:1109/191230.236:ERROR:page_load_metrics_update_dispatcher.cc(179)] Invalid first_paint 0.106 s for first_image_paint 0.095 s
11월 09, 2023 19:12:30.368 [9748:1228:1109/191230.368:ERROR:page_load_metrics_update_dispatcher.cc(179)] Invalid first_paint 0.106 s for first_image_paint 0.095 s
11월 09, 2023 19:12:30.498 [9748:1228:1109/191230.498:ERROR:page_load_metrics_update_dispatcher.cc(179)] Invalid first_paint 0.106 s for first_image_paint 0.095 s
11월 09, 2023 19:12:30.609 [9748:1228:1109/191230.609:ERROR:page_load_metrics_update_dispatcher.cc(179)] Invalid first_paint 0.106 s for first_image_paint 0.095 s
11월 09, 2023 19:12:31.27 [9748:1228:1109/191231.027:ERROR:page_load_metrics_update_dispatcher.cc(179)] Invalid first_paint 0.106 s for first_image_paint 0.095 s
11월 09, 2023 19:12:31.133 [9748:1228:1109/191231.132:ERROR:page_load_metrics_update_dispatcher.cc(179)] Invalid first_paint 0.106 s for first_image_paint 0.095 s
11월 09, 2023 19:12:31.424 [9748:1228:1109/191231.424:ERROR:page_load_metrics_update_dispatcher.cc(179)] Invalid first_paint 0.106 s for first_image_paint 0.095 s
11월 09, 2023 19:12:31.761 [9748:1228:1109/191231.761:ERROR:page_load_metrics_update_dispatcher.cc(179)] Invalid first_paint 0.106 s for first_image_paint 0.095 s
11월 09, 2023 19:12:31.916 [9748:1228:1109/191231.916:ERROR:page_load_metrics_update_dispatcher.cc(179)] Invalid first_paint 0.106 s for first_image_paint 0.095 s
11월 09, 2023 19:12:32.61 [9748:1228:1109/191232.061:ERROR:page_load_metrics_update_dispatcher.cc(179)] Invalid first_paint 0.106 s for first_image_paint 0.095 s
11월 09, 2023 19:12:32.211 [9748:1228:1109/191232.211:ERROR:page_load_metrics_update_dispatcher.cc(179)] Invalid first_paint 0.106 s for first_image_paint 0.095 s
11월 09, 2023 19:12:32.386 [9748:1228:1109/191232.386:ERROR:page_load_metrics_update_dispatcher.cc(179)] Invalid first_paint 0.106 s for first_image_paint 0.095 s
11월 09, 2023 19:12:32.512 [9748:1228:1109/191232.512:ERROR:page_load_metrics_update_dispatcher.cc(179)] Invalid first_paint 0.106 s for first_image_paint 0.095 s
11월 09, 2023 19:12:32.637 [9748:1228:1109/191232.637:ERROR:page_load_metrics_update_dispatcher.cc(179)] Invalid first_paint 0.106 s for first_image_paint 0.095 s
11월 09, 2023 19:12:32.753 [9748:1228:1109/191232.753:ERROR:page_load_metrics_update_dispatcher.cc(179)] Invalid first_paint 0.106 s for first_image_paint 0.095 s
11월 09, 2023 19:12:32.792 [9748:1228:1109/191232.792:ERROR:page_load_metrics_update_dispatcher.cc(179)] Invalid first_paint 0.106 s for first_image_paint 0.095 s

11월 10, 2023 09:10:32.309 NEW SESSION
11월 10, 2023 09:10:32.309 [11036:9808:1110/091032.308:ERROR:interface_endpoint_client.cc(702)] Message 1 rejected by interface blink.mojom.WidgetHost
11월 10, 2023 09:19:40.292 [11036:9808:1110/091940.292:ERROR:interface_endpoint_client.cc(702)] Message 1 rejected by interface blink.mojom.WidgetHost

11월 13, 2023 12:47:48.61 NEW SESSION
11월 13, 2023 12:47:48.61 [13224:5612:1113/124748.059:ERROR:interface_endpoint_client.cc(702)] Message 1 rejected by interface blink.mojom.WidgetHost
11월 13, 2023 12:48:52.734 [13224:5612:1113/124852.734:ERROR:interface_endpoint_client.cc(702)] Message 1 rejected by interface blink.mojom.WidgetHost

11월 21, 2023 11:15:56.947 NEW SESSION
11월 21, 2023 11:15:56.947 [3640:5240:1121/111556.946:ERROR:interface_endpoint_client.cc(702)] Message 1 rejected by interface blink.mojom.WidgetHost
11월 21, 2023 12:48:25.526 [3640:5240:1121/124825.526:ERROR:interface_endpoint_client.cc(702)] Message 1 rejected by interface blink.mojom.WidgetHost
11월 21, 2023 15:13:49.505 [3640:5240:1121/151349.505:ERROR:interface_endpoint_client.cc(702)] Message 1 rejected by interface blink.mojom.WidgetHost
11월 21, 2023 17:39:52.62 [3640:5240:1121/173952.062:ERROR:interface_endpoint_client.cc(702)] Message 1 rejected by interface blink.mojom.WidgetHost
11월 21, 2023 17:43:07.272 [3640:5240:1121/174307.272:ERROR:interface_endpoint_client.cc(702)] Message 1 rejected by interface blink.mojom.WidgetHost

11월 22, 2023 09:43:21.510 NEW SESSION
11월 22, 2023 09:43:21.510 INFO: Created TensorFlow Lite XNNPACK delegate for CPU.

11월 22, 2023 14:04:11.534 NEW SESSION
11월 22, 2023 14:04:11.534 [9688:8524:1122/140411.487:ERROR:connection_factory_impl.cc(471)] ConnectionHandler failed with net error: -2

11월 24, 2023 15:33:59.632 NEW SESSION
11월 24, 2023 15:33:59.632 [1364:3956:1124/153359.594:ERROR:interface_endpoint_client.cc(702)] Message 1 rejected by interface blink.mojom.WidgetHost
11월 24, 2023 17:10:46.581 [2688:9928:1124/171046.581:ERROR:get_updates_processor.cc(263)] PostClientToServerMessage() failed during GetUpdates with error Network error (ERR_ABORTED)
11월 24, 2023 17:29:48.673 [11588:9584:1124/172948.673:ERROR:get_updates_processor.cc(263)] PostClientToServerMessage() failed during GetUpdates with error Network error (ERR_ABORTED)

11월 29, 2023 18:19:57.08 NEW SESSION
11월 29, 2023 18:19:57.08 [11516:10296:1129/181956.973:ERROR:interface_endpoint_client.cc(702)] Message 1 rejected by interface blink.mojom.WidgetHost
11월 29, 2023 23:30:50.876 [11516:10296:1129/233050.876:ERROR:interface_endpoint_client.cc(702)] Message 1 rejected by interface blink.mojom.WidgetHost

11월 30, 2023 16:23:14.956 NEW SESSION
11월 30, 2023 16:23:14.956 [8084:11940:1130/162314.954:ERROR:interface_endpoint_client.cc(702)] Message 1 rejected by interface blink.mojom.WidgetHost
11월 30, 2023 16:23:15.13 [8084:11940:1130/162314.954:ERROR:interface_endpoint_client.cc(702)] Message 1 rejected by interface blink.mojom.WidgetHost

11월 30, 2023 22:22:22.894 NEW SESSION
11월 30, 2023 22:22:22.894 [12232:9648:1130/222222.887:ERROR:connection_factory_impl.cc(471)] ConnectionHandler failed with net error: -2
11월 30, 2023 23:14:04.923 [12232:12964:1130/231404.922:ERROR:interface_endpoint_client.cc(702)] Message 1 rejected by interface blink.mojom.WidgetHost
11월 30, 2023 23:14:05.93 [12232:12964:1130/231405.093:ERROR:page_load_metrics_update_dispatcher.cc(179)] Invalid first_paint 0.124 s for first_image_paint 0.108 s
11월 30, 2023 23:14:05.198 [12232:12964:1130/231405.198:ERROR:page_load_metrics_update_dispatcher.cc(179)] Invalid first_paint 0.124 s for first_image_paint 0.108 s
11월 30, 2023 23:14:05.434 [12232:12964:1130/231405.433:ERROR:page_load_metrics_update_dispatcher.cc(179)] Invalid first_paint 0.124 s for first_image_paint 0.108 s
11월 30, 2023 23:14:05.564 [12232:12964:1130/231405.564:ERROR:page_load_metrics_update_dispatcher.cc(179)] Invalid first_paint 0.124 s for first_image_paint 0.108 s
11월 30, 2023 23:14:05.707 [12232:12964:1130/231405.706:ERROR:page_load_metrics_update_dispatcher.cc(179)] Invalid first_paint 0.124 s for first_image_paint 0.108 s
11월 30, 2023 23:14:05.862 [12232:12964:1130/231405.861:ERROR:page_load_metrics_update_dispatcher.cc(179)] Invalid first_paint 0.124 s for first_image_paint 0.108 s
11월 30, 2023 23:14:06.28 [12232:12964:1130/231406.028:ERROR:page_load_metrics_update_dispatcher.cc(179)] Invalid first_paint 0.124 s for first_image_paint 0.108 s
11월 30, 2023 23:14:06.555 [12232:12964:1130/231406.555:ERROR:page_load_metrics_update_dispatcher.cc(179)] Invalid first_paint 0.124 s for first_image_paint 0.108 s
11월 30, 2023 23:14:07.355 [12232:12964:1130/231407.355:ERROR:page_load_metrics_update_dispatcher.cc(179)] Invalid first_paint 0.124 s for first_image_paint 0.108 s
11월 30, 2023 23:14:08.519 [12232:12964:1130/231408.519:ERROR:page_load_metrics_update_dispatcher.cc(179)] Invalid first_paint 0.124 s for first_image_paint 0.108 s
11월 30, 2023 23:14:08.664 [12232:12964:1130/231408.664:ERROR:page_load_metrics_update_dispatcher.cc(179)] Invalid first_paint 0.124 s for first_image_paint 0.108 s
11월 30, 2023 23:14:08.774 [12232:12964:1130/231408.774:ERROR:page_load_metrics_update_dispatcher.cc(179)] Invalid first_paint 0.124 s for first_image_paint 0.108 s
11월 30, 2023 23:14:09.59 [12232:12964:1130/231409.059:ERROR:page_load_metrics_update_dispatcher.cc(179)] Invalid first_paint 0.124 s for first_image_paint 0.108 s
11월 30, 2023 23:14:09.610 [12232:12964:1130/231409.610:ERROR:page_load_metrics_update_dispatcher.cc(179)] Invalid first_paint 0.124 s for first_image_paint 0.108 s
11월 30, 2023 23:14:10.361 [12232:12964:1130/231410.361:ERROR:page_load_metrics_update_dispatcher.cc(179)] Invalid first_paint 0.124 s for first_image_paint 0.108 s
11월 30, 2023 23:14:11.479 [12232:12964:1130/231411.479:ERROR:page_load_metrics_update_dispatcher.cc(179)] Invalid first_paint 0.124 s for first_image_paint 0.108 s
11월 30, 2023 23:14:11.622 [12232:12964:1130/231411.622:ERROR:page_load_metrics_update_dispatcher.cc(179)] Invalid first_paint 0.124 s for first_image_paint 0.108 s
11월 30, 2023 23:14:13.624 [12232:12964:1130/231413.624:ERROR:page_load_metrics_update_dispatcher.cc(179)] Invalid first_paint 0.124 s for first_image_paint 0.108 s
11월 30, 2023 23:14:14.382 [12232:12964:1130/231414.381:ERROR:page_load_metrics_update_dispatcher.cc(179)] Invalid first_paint 0.124 s for first_image_paint 0.108 s
11월 30, 2023 23:14:14.484 [12232:12964:1130/231414.484:ERROR:page_load_metrics_update_dispatcher.cc(179)] Invalid first_paint 0.124 s for first_image_paint 0.108 s
11월 30, 2023 23:14:15.96 [12232:12964:1130/231415.095:ERROR:page_load_metrics_update_dispatcher.cc(179)] Invalid first_paint 0.124 s for first_image_paint 0.108 s
11월 30, 2023 23:14:18.100 [12232:12964:1130/231418.100:ERROR:page_load_metrics_update_dispatcher.cc(179)] Invalid first_paint 0.124 s for first_image_paint 0.108 s
11월 30, 2023 23:14:26.109 [12232:12964:1130/231426.108:ERROR:page_load_metrics_update_dispatcher.cc(179)] Invalid first_paint 0.124 s for first_image_paint 0.108 s
11월 30, 2023 23:14:36.94 [12232:12964:1130/231436.093:ERROR:page_load_metrics_update_dispatcher.cc(179)] Invalid first_paint 0.124 s for first_image_paint 0.108 s
11월 30, 2023 23:14:41.91 [12232:12964:1130/231441.090:ERROR:page_load_metrics_update_dispatcher.cc(179)] Invalid first_paint 0.124 s for first_image_paint 0.108 s
11월 30, 2023 23:14:42.88 [12232:12964:1130/231442.088:ERROR:page_load_metrics_update_dispatcher.cc(179)] Invalid first_paint 0.124 s for first_image_paint 0.108 s
11월 30, 2023 23:14:46.118 [12232:12964:1130/231446.117:ERROR:page_load_metrics_update_dispatcher.cc(179)] Invalid first_paint 0.124 s for first_image_paint 0.108 s
11월 30, 2023 23:14:54.97 [12232:12964:1130/231454.096:ERROR:page_load_metrics_update_dispatcher.cc(179)] Invalid first_paint 0.124 s for first_image_paint 0.108 s
11월 30, 2023 23:15:07.84 [12232:12964:1130/231507.084:ERROR:page_load_metrics_update_dispatcher.cc(179)] Invalid first_paint 0.124 s for first_image_paint 0.108 s
11월 30, 2023 23:15:07.204 [12232:12964:1130/231507.204:ERROR:page_load_metrics_update_dispatcher.cc(179)] Invalid first_paint 0.124 s for first_image_paint 0.108 s
11월 30, 2023 23:15:50.138 [12232:12964:1130/231550.138:ERROR:page_load_metrics_update_dispatcher.cc(179)] Invalid first_paint 0.124 s for first_image_paint 0.108 s
11월 30, 2023 23:16:11.119 [12232:12964:1130/231611.119:ERROR:page_load_metrics_update_dispatcher.cc(179)] Invalid first_paint 0.124 s for first_image_paint 0.108 s
11월 30, 2023 23:16:22.98 [12232:12964:1130/231622.097:ERROR:page_load_metrics_update_dispatcher.cc(179)] Invalid first_paint 0.124 s for first_image_paint 0.108 s
11월 30, 2023 23:16:32.100 [12232:12964:1130/231632.100:ERROR:page_load_metrics_update_dispatcher.cc(179)] Invalid first_paint 0.124 s for first_image_paint 0.108 s
11월 30, 2023 23:16:53.94 [12232:12964:1130/231653.094:ERROR:page_load_metrics_update_dispatcher.cc(179)] Invalid first_paint 0.124 s for first_image_paint 0.108 s
11월 30, 2023 23:16:55.119 [12232:12964:1130/231655.119:ERROR:page_load_metrics_update_dispatcher.cc(179)] Invalid first_paint 0.124 s for first_image_paint 0.108 s
11월 30, 2023 23:17:14.116 [12232:12964:1130/231714.116:ERROR:page_load_metrics_update_dispatcher.cc(179)] Invalid first_paint 0.124 s for first_image_paint 0.108 s
11월 30, 2023 23:17:35.101 [12232:12964:1130/231735.101:ERROR:page_load_metrics_update_dispatcher.cc(179)] Invalid first_paint 0.124 s for first_image_paint 0.108 s
11월 30, 2023 23:17:50.115 [12232:12964:1130/231750.115:ERROR:page_load_metrics_update_dispatcher.cc(179)] Invalid first_paint 0.124 s for first_image_paint 0.108 s
11월 30, 2023 23:17:56.102 [12232:12964:1130/231756.101:ERROR:page_load_metrics_update_dispatcher.cc(179)] Invalid first_paint 0.124 s for first_image_paint 0.108 s
11월 30, 2023 23:18:17.105 [12232:12964:1130/231817.105:ERROR:page_load_metrics_update_dispatcher.cc(179)] Invalid first_paint 0.124 s for first_image_paint 0.108 s
11월 30, 2023 23:18:38.126 [12232:12964:1130/231838.125:ERROR:page_load_metrics_update_dispatcher.cc(179)] Invalid first_paint 0.124 s for first_image_paint 0.108 s
11월 30, 2023 23:18:38.233 [12232:12964:1130/231838.233:ERROR:page_load_metrics_update_dispatcher.cc(179)] Invalid first_paint 0.124 s for first_image_paint 0.108 s
11월 30, 2023 23:18:50.104 [12232:12964:1130/231850.104:ERROR:page_load_metrics_update_dispatcher.cc(179)] Invalid first_paint 0.124 s for first_image_paint 0.108 s
11월 30, 2023 23:18:54.276 [12232:12964:1130/231854.276:ERROR:page_load_metrics_update_dispatcher.cc(179)] Invalid first_paint 0.124 s for first_image_paint 0.108 s

12월 05, 2023 18:18:36.951 NEW SESSION
12월 05, 2023 18:18:36.951 [13204:5352:1205/181836.950:ERROR:interface_endpoint_client.cc(702)] Message 1 rejected by interface blink.mojom.WidgetHost

12월 06, 2023 16:23:47.752 NEW SESSION
12월 06, 2023 16:23:47.752 [2748:3968:1206/162347.680:ERROR:interface_endpoint_client.cc(702)] Message 1 rejected by interface blink.mojom.WidgetHost
12월 06, 2023 19:12:55.84 [2748:3968:1206/191255.084:ERROR:interface_endpoint_client.cc(702)] Message 5 rejected by interface blink.mojom.WidgetHost
12월 06, 2023 19:46:38.866 [2748:3968:1206/194638.866:ERROR:interface_endpoint_client.cc(702)] Message 1 rejected by interface blink.mojom.WidgetHost
12월 07, 2023 24:09:12.341 [2748:10468:1207/000912.340:ERROR:mcs_client.cc(750)] Received close command, resetting connection.
